<?xml version="1.0" encoding="UTF-8"?>
<testng-results ignored="0" total="1" passed="1" failed="0" skipped="0">
  <reporter-output>
  </reporter-output>
  <suite started-at="2023-12-05T17:21:19 EST" name="Default suite" finished-at="2023-12-05T17:21:36 EST" duration-ms="17267">
    <groups>
    </groups>
    <test started-at="2023-12-05T17:21:19 EST" name="Default test" finished-at="2023-12-05T17:21:36 EST" duration-ms="17267">
      <class name="com.firebase.Firebase">
        <test-method signature="script1()[pri:0, instance:com.firebase.Firebase@a514af7]" started-at="2023-12-05T17:21:19 EST" name="script1" finished-at="2023-12-05T17:21:36 EST" duration-ms="17178" status="PASS">
          <reporter-output>
          </reporter-output>
        </test-method> <!-- script1 -->
      </class> <!-- com.firebase.Firebase -->
    </test> <!-- Default test -->
  </suite> <!-- Default suite -->
</testng-results>
